<?xml version="1.0" encoding="UTF-8"?>
<testsuite name="com.fairsearch.fair.SimulatorTests" tests="1" skipped="0" failures="0" errors="0" timestamp="2019-02-12T14:06:28" hostname="MARVIN" time="100.841">
  <properties/>
  <testcase name="testFailProbabilityCalculatorAnalyticallyVSExperimental" classname="com.fairsearch.fair.SimulatorTests" time="100.841"/>
  <system-out><![CDATA[]]></system-out>
  <system-err><![CDATA[]]></system-err>
</testsuite>
