<?xml version="1.0" encoding="UTF-8"?>
<testsuite name="com.purbon.search.fair.CoreTests" tests="1" skipped="0" failures="0" errors="0" timestamp="2019-01-23T15:58:01" hostname="MARVIN" time="0.244">
  <properties/>
  <testcase name="testIsFair" classname="com.purbon.search.fair.CoreTests" time="0.244"/>
  <system-out><![CDATA[]]></system-out>
  <system-err><![CDATA[]]></system-err>
</testsuite>
